2020-08-11 12:00:14,069 INFO  [log] Number of rows are  4
2020-08-11 12:00:14,085 INFO  [log] janani14@gmail.com
2020-08-11 12:00:15,056 INFO  [log] 5281
2020-08-11 12:00:21,541 INFO  [log] janani17@gmail.com
2020-08-11 12:00:22,370 INFO  [log] 5282
2020-08-11 12:00:28,902 INFO  [log] barath19@gmail.com
2020-08-11 12:00:29,704 INFO  [log] 5283
2020-08-11 12:00:36,824 INFO  [log] kanmanims19@gmail.com
2020-08-11 12:00:38,388 INFO  [log] 4131
2020-08-11 12:00:39,833 INFO  [log] kanmanims20@gmail.com
2020-08-11 12:00:40,654 INFO  [log] 4132
2020-08-11 12:00:41,915 INFO  [log] kanmanims21@gmail.com
2020-08-11 12:00:43,026 INFO  [log] 4133
2020-08-11 15:36:07,634 INFO  [log] Number of rows are  4
2020-08-11 15:36:07,647 INFO  [log] janani14@gmail.com
2020-08-11 15:36:08,562 INFO  [log] 5293
2020-08-11 15:36:14,044 INFO  [log] janani17@gmail.com
2020-08-11 15:36:14,856 INFO  [log] 5294
2020-08-11 15:36:20,590 INFO  [log] barath19@gmail.com
2020-08-11 15:36:21,424 INFO  [log] 5295
2020-08-11 15:36:27,778 INFO  [log] kanmanims19@gmail.com
2020-08-11 15:36:29,260 INFO  [log] 
2020-08-11 15:36:29,277 INFO  [log] kanmanims20@gmail.com
2020-08-11 15:36:29,281 INFO  [log] 
2020-08-11 15:36:29,303 INFO  [log] kanmanims21@gmail.com
2020-08-11 15:36:29,309 INFO  [log] 
2020-08-11 15:49:29,085 INFO  [log] Number of rows are  4
2020-08-11 15:49:29,098 INFO  [log] janani14@gmail.com
2020-08-11 15:49:29,965 INFO  [log] 5308
2020-08-11 15:49:35,916 INFO  [log] janani17@gmail.com
2020-08-11 15:49:36,691 INFO  [log] 5309
2020-08-11 15:49:42,423 INFO  [log] barath19@gmail.com
2020-08-11 15:49:43,208 INFO  [log] 5310
2020-08-11 15:49:49,490 INFO  [log] babuloo6473@gmail.com
2020-08-11 15:49:51,413 INFO  [log] 4158
2020-08-11 15:49:51,419 INFO  [log] 5311
2020-08-11 15:49:53,750 INFO  [log] babuloo6474@gmail.com
2020-08-11 15:49:54,545 INFO  [log] 4159
2020-08-11 15:49:54,560 INFO  [log] 5312
2020-08-11 15:49:56,943 INFO  [log] babuloo6475@gmail.com
2020-08-11 15:49:57,798 INFO  [log] 4160
2020-08-11 15:49:57,814 INFO  [log] 5313
