2020-08-11 15:48:52,484 WARN  [SoapUI] Missing folder [C:\Users\KanmaniMaravarman\Desktop\Project\my-app\ext] for external libraries
2020-08-11 15:48:52,743 INFO  [DefaultSoapUICore] initialized soapui-settings from [C:\Users\KanmaniMaravarman\soapui-settings.xml]
2020-08-11 15:48:53,884 INFO  [PluginManager] 0 plugins loaded in 3 ms
2020-08-11 15:48:53,884 INFO  [DefaultSoapUICore] All plugins loaded
2020-08-11 15:48:56,060 INFO  [WsdlProject] Loaded project from [file:/C:/Users/KanmaniMaravarman/Desktop/Project/my-app/SDET-Functionality-soapui-project.xml]
2020-08-11 15:48:56,067 INFO  [SoapUITestCaseRunner] Running SoapUI tests in project [SDET_Functionality]
2020-08-11 15:48:56,069 INFO  [SoapUITestCaseRunner] Running Project [SDET_Functionality], runType = SEQUENTIAL
2020-08-11 15:48:56,115 INFO  [SoapUITestCaseRunner] Running SoapUI testcase [SalesOrder]
2020-08-11 15:48:56,129 INFO  [SoapUITestCaseRunner] running step [salesOrderRepoSave]
2020-08-11 15:48:57,594 INFO  [SoapUITestCaseRunner] Assertion [SOAP Response] has status VALID
2020-08-11 15:48:57,595 INFO  [SoapUITestCaseRunner] running step [salesOrderRepoGetList]
2020-08-11 15:49:24,629 INFO  [SoapUITestCaseRunner] Assertion [SOAP Response] has status VALID
2020-08-11 15:49:24,629 INFO  [SoapUITestCaseRunner] running step [id Property Transfer]
2020-08-11 15:49:24,927 INFO  [SoapUITestCaseRunner] running step [idProperties]
2020-08-11 15:49:24,933 INFO  [SoapUITestCaseRunner] running step [salesOrderRepoGet]
2020-08-11 15:49:25,725 INFO  [SoapUITestCaseRunner] Assertion [SOAP Response] has status VALID
2020-08-11 15:49:25,726 INFO  [SoapUITestCaseRunner] running step [salesOrderManageHold]
2020-08-11 15:49:26,576 INFO  [SoapUITestCaseRunner] Assertion [SOAP Response] has status VALID
2020-08-11 15:49:26,577 INFO  [SoapUITestCaseRunner] running step [salesOrderManageGetStatus]
2020-08-11 15:49:27,331 INFO  [SoapUITestCaseRunner] Assertion [SOAP Response] has status VALID
2020-08-11 15:49:27,332 INFO  [SoapUITestCaseRunner] running step [salesOrderManageUnHold]
2020-08-11 15:49:28,150 INFO  [SoapUITestCaseRunner] Assertion [SOAP Response] has status VALID
2020-08-11 15:49:28,160 INFO  [SoapUITestCaseRunner] Finished running SoapUI testcase [SalesOrder], time taken: 31992ms, status: FINISHED
2020-08-11 15:49:28,168 INFO  [SoapUITestCaseRunner] Running SoapUI testcase [customerCustomerRepositoryV1Binding TestSuite]
2020-08-11 15:49:28,180 INFO  [SoapUITestCaseRunner] running step [Groovy Script]
2020-08-11 15:49:29,085 INFO  [log] Number of rows are  4
2020-08-11 15:49:29,098 INFO  [log] janani14@gmail.com
2020-08-11 15:49:29,176 INFO  [SoapUITestCaseRunner] running step [Save]
2020-08-11 15:49:29,965 INFO  [log] 5308
2020-08-11 15:49:29,966 INFO  [SoapUITestCaseRunner] running step [GetList]
2020-08-11 15:49:34,224 INFO  [SoapUITestCaseRunner] running step [GetById]
2020-08-11 15:49:34,910 INFO  [SoapUITestCaseRunner] running step [DeleteById]
2020-08-11 15:49:35,916 INFO  [log] janani17@gmail.com
2020-08-11 15:49:35,917 INFO  [SoapUITestCaseRunner] running step [Save]
2020-08-11 15:49:36,691 INFO  [log] 5309
2020-08-11 15:49:36,691 INFO  [SoapUITestCaseRunner] running step [GetList]
2020-08-11 15:49:40,820 INFO  [SoapUITestCaseRunner] running step [GetById]
2020-08-11 15:49:41,486 INFO  [SoapUITestCaseRunner] running step [DeleteById]
2020-08-11 15:49:42,423 INFO  [log] barath19@gmail.com
2020-08-11 15:49:42,424 INFO  [SoapUITestCaseRunner] running step [Save]
2020-08-11 15:49:43,208 INFO  [log] 5310
2020-08-11 15:49:43,209 INFO  [SoapUITestCaseRunner] running step [GetList]
2020-08-11 15:49:47,353 INFO  [SoapUITestCaseRunner] running step [GetById]
2020-08-11 15:49:48,022 INFO  [SoapUITestCaseRunner] running step [DeleteById]
2020-08-11 15:49:49,022 INFO  [SoapUITestCaseRunner] Finished running SoapUI testcase [customerCustomerRepositoryV1Binding TestSuite], time taken: 40612ms, status: FINISHED
2020-08-11 15:49:49,030 INFO  [SoapUITestCaseRunner] Running SoapUI testcase [customerAddressRepositoryV1Binding TestSuite]
2020-08-11 15:49:49,031 INFO  [SoapUITestCaseRunner] running step [Groovy Script]
2020-08-11 15:49:49,490 INFO  [log] babuloo6473@gmail.com
2020-08-11 15:49:49,494 INFO  [SoapUITestCaseRunner] running step [Save]
2020-08-11 15:49:50,848 INFO  [SchemaUtils] Added default schema from file:/C:/Users/KanmaniMaravarman/.m2/repository/com/smartbear/soapui/soapui/5.5.0/soapui-5.5.0.jar!/com/eviware/soapui/resources/xsds/xop.xsd with targetNamespace http://www.w3.org/2004/08/xop/include
2020-08-11 15:49:50,884 INFO  [SchemaUtils] Added default schema from file:/C:/Users/KanmaniMaravarman/.m2/repository/com/smartbear/soapui/soapui/5.5.0/soapui-5.5.0.jar!/com/eviware/soapui/resources/xsds/XMLSchema.xsd with targetNamespace http://www.w3.org/2001/XMLSchema
2020-08-11 15:49:50,892 INFO  [SchemaUtils] Added default schema from file:/C:/Users/KanmaniMaravarman/.m2/repository/com/smartbear/soapui/soapui/5.5.0/soapui-5.5.0.jar!/com/eviware/soapui/resources/xsds/xml.xsd with targetNamespace http://www.w3.org/XML/1998/namespace
2020-08-11 15:49:50,961 INFO  [SchemaUtils] Added default schema from file:/C:/Users/KanmaniMaravarman/.m2/repository/com/smartbear/soapui/soapui/5.5.0/soapui-5.5.0.jar!/com/eviware/soapui/resources/xsds/swaref.xsd with targetNamespace http://ws-i.org/profiles/basic/1.1/xsd
2020-08-11 15:49:50,972 INFO  [SchemaUtils] Added default schema from file:/C:/Users/KanmaniMaravarman/.m2/repository/com/smartbear/soapui/soapui/5.5.0/soapui-5.5.0.jar!/com/eviware/soapui/resources/xsds/xmime200505.xsd with targetNamespace http://www.w3.org/2005/05/xmlmime
2020-08-11 15:49:50,982 INFO  [SchemaUtils] Added default schema from file:/C:/Users/KanmaniMaravarman/.m2/repository/com/smartbear/soapui/soapui/5.5.0/soapui-5.5.0.jar!/com/eviware/soapui/resources/xsds/xmime200411.xsd with targetNamespace http://www.w3.org/2004/11/xmlmime
2020-08-11 15:49:50,986 INFO  [SchemaUtils] Added default schema from file:/C:/Users/KanmaniMaravarman/.m2/repository/com/smartbear/soapui/soapui/5.5.0/soapui-5.5.0.jar!/com/eviware/soapui/resources/xsds/soapEnvelope.xsd with targetNamespace http://schemas.xmlsoap.org/soap/envelope/
2020-08-11 15:49:50,996 INFO  [SchemaUtils] Added default schema from file:/C:/Users/KanmaniMaravarman/.m2/repository/com/smartbear/soapui/soapui/5.5.0/soapui-5.5.0.jar!/com/eviware/soapui/resources/xsds/soapEncoding.xsd with targetNamespace http://schemas.xmlsoap.org/soap/encoding/
2020-08-11 15:49:51,005 INFO  [SchemaUtils] Added default schema from file:/C:/Users/KanmaniMaravarman/.m2/repository/com/smartbear/soapui/soapui/5.5.0/soapui-5.5.0.jar!/com/eviware/soapui/resources/xsds/soapEnvelope12.xsd with targetNamespace http://www.w3.org/2003/05/soap-envelope
2020-08-11 15:49:51,018 INFO  [SchemaUtils] Added default schema from file:/C:/Users/KanmaniMaravarman/.m2/repository/com/smartbear/soapui/soapui/5.5.0/soapui-5.5.0.jar!/com/eviware/soapui/resources/xsds/soapEncoding12.xsd with targetNamespace http://www.w3.org/2003/05/soap-encoding
2020-08-11 15:49:51,025 INFO  [SchemaUtils] Loading schema types from [file:/C:/Users/KanmaniMaravarman/Desktop/soapUi/SOAP%20API%20WSDL%20EndPoints/SOAP%20API%20WSDL%20EndPoints/customerCustomerRepositoryV1.xml]
2020-08-11 15:49:51,029 INFO  [SchemaUtils] Getting schema file:/C:/Users/KanmaniMaravarman/Desktop/soapUi/SOAP%20API%20WSDL%20EndPoints/SOAP%20API%20WSDL%20EndPoints/customerCustomerRepositoryV1.xml
2020-08-11 15:49:51,413 INFO  [log] 4158
2020-08-11 15:49:51,419 INFO  [log] 5311
2020-08-11 15:49:51,427 INFO  [SoapUITestCaseRunner] running step [GetById]
2020-08-11 15:49:52,075 INFO  [SoapUITestCaseRunner] running step [DeleteById]
2020-08-11 15:49:52,795 INFO  [SoapUITestCaseRunner] running step [DeleteByUserId]
2020-08-11 15:49:53,750 INFO  [log] babuloo6474@gmail.com
2020-08-11 15:49:53,750 INFO  [SoapUITestCaseRunner] running step [Save]
2020-08-11 15:49:54,545 INFO  [log] 4159
2020-08-11 15:49:54,560 INFO  [log] 5312
2020-08-11 15:49:54,565 INFO  [SoapUITestCaseRunner] running step [GetById]
2020-08-11 15:49:55,165 INFO  [SoapUITestCaseRunner] running step [DeleteById]
2020-08-11 15:49:55,991 INFO  [SoapUITestCaseRunner] running step [DeleteByUserId]
2020-08-11 15:49:56,943 INFO  [log] babuloo6475@gmail.com
2020-08-11 15:49:56,944 INFO  [SoapUITestCaseRunner] running step [Save]
2020-08-11 15:49:57,798 INFO  [log] 4160
2020-08-11 15:49:57,814 INFO  [log] 5313
2020-08-11 15:49:57,818 INFO  [SoapUITestCaseRunner] running step [GetById]
2020-08-11 15:49:58,422 INFO  [SoapUITestCaseRunner] running step [DeleteById]
2020-08-11 15:49:59,050 INFO  [SoapUITestCaseRunner] running step [DeleteByUserId]
2020-08-11 15:49:59,950 INFO  [SoapUITestCaseRunner] Finished running SoapUI testcase [customerAddressRepositoryV1Binding TestSuite], time taken: 21293ms, status: FINISHED
2020-08-11 15:49:59,951 INFO  [SoapUITestCaseRunner] Project [SDET_Functionality] finished with status [FINISHED] in 63870ms
